<?xml version="1.0" encoding="UTF-8"?>
<!-- Generated by org.testng.reporters.JUnitReportReporter -->
<testsuite skipped="0" hostname="LAPTOP-LFI9FU4O" name="test.NewDepositTest" tests="1" failures="0" timestamp="2020-07-09T04:04:30 CDT" time="12.446" errors="0">
  <testcase name="userShouldBeAbleToAddDeposit" time="12.446" classname="test.NewDepositTest"/>
  <system-out/>
</testsuite> <!-- test.NewDepositTest -->
